<?xml version="1.0" encoding="UTF-8"?>
<testng-results skipped="1" failed="0" total="1" passed="0">
  <reporter-output>
  </reporter-output>
  <suite name="Default suite" duration-ms="2362" started-at="2018-05-01T08:19:20Z" finished-at="2018-05-01T08:19:22Z">
    <groups>
    </groups>
    <test name="Default test" duration-ms="2362" started-at="2018-05-01T08:19:20Z" finished-at="2018-05-01T08:19:22Z">
      <class name="suite1.Accounts">
        <test-method status="FAIL" signature="openBrowser(java.lang.String, java.lang.String)[pri:0, instance:suite1.Accounts@100fc185]" name="openBrowser" is-config="true" duration-ms="0" started-at="2018-05-01T13:49:20Z" finished-at="2018-05-01T13:49:20Z">
          <exception class="org.testng.TestNGException">
            <message>
              <![CDATA[
Parameter 'browser' is required by @Configuration on method openBrowser but has not been marked @Optional or defined
in C:\Windows\Temp\testng-eclipse-81579684\testng-customsuite.xml]]>
            </message>
            <full-stacktrace>
              <![CDATA[org.testng.TestNGException: 
Parameter 'browser' is required by @Configuration on method openBrowser but has not been marked @Optional or defined
in C:\Windows\Temp\testng-eclipse-81579684\testng-customsuite.xml
	at org.testng.internal.Parameters.createParameters(Parameters.java:154)
	at org.testng.internal.Parameters.createParameters(Parameters.java:361)
	at org.testng.internal.Parameters.createConfigurationParameters(Parameters.java:84)
	at org.testng.internal.Invoker.invokeConfigurations(Invoker.java:197)
	at org.testng.internal.Invoker.invokeConfigurations(Invoker.java:138)
	at org.testng.TestRunner.beforeRun(TestRunner.java:648)
	at org.testng.TestRunner.run(TestRunner.java:616)
	at org.testng.SuiteRunner.runTest(SuiteRunner.java:359)
	at org.testng.SuiteRunner.runSequentially(SuiteRunner.java:354)
	at org.testng.SuiteRunner.privateRun(SuiteRunner.java:312)
	at org.testng.SuiteRunner.run(SuiteRunner.java:261)
	at org.testng.SuiteRunnerWorker.runSuite(SuiteRunnerWorker.java:52)
	at org.testng.SuiteRunnerWorker.run(SuiteRunnerWorker.java:86)
	at org.testng.TestNG.runSuitesSequentially(TestNG.java:1215)
	at org.testng.TestNG.runSuitesLocally(TestNG.java:1140)
	at org.testng.TestNG.run(TestNG.java:1048)
	at org.testng.remote.AbstractRemoteTestNG.run(AbstractRemoteTestNG.java:132)
	at org.testng.remote.RemoteTestNG.initAndRun(RemoteTestNG.java:230)
	at org.testng.remote.RemoteTestNG.main(RemoteTestNG.java:76)
]]>
            </full-stacktrace>
          </exception> <!-- org.testng.TestNGException -->
          <reporter-output>
          </reporter-output>
        </test-method> <!-- openBrowser -->
        <test-method status="SKIP" signature="testLogin(java.lang.String, java.lang.String)[pri:0, instance:suite1.Accounts@100fc185]" name="testLogin" duration-ms="13" started-at="2018-05-01T13:49:22Z" data-provider="Data" finished-at="2018-05-01T13:49:22Z">
          <params>
            <param index="0">
              <value>
                <![CDATA[qttesters]]>
              </value>
            </param>
            <param index="1">
              <value>
                <![CDATA[qttesters]]>
              </value>
            </param>
          </params>
          <reporter-output>
          </reporter-output>
        </test-method> <!-- testLogin -->
        <test-method status="SKIP" signature="stop()[pri:0, instance:suite1.Accounts@100fc185]" name="stop" is-config="true" duration-ms="0" started-at="2018-05-01T13:49:22Z" finished-at="2018-05-01T13:49:22Z">
          <reporter-output>
          </reporter-output>
        </test-method> <!-- stop -->
      </class> <!-- suite1.Accounts -->
    </test> <!-- Default test -->
  </suite> <!-- Default suite -->
</testng-results>
